\BOOKMARK [0][-]{chapter.1}{\376\377\000C\000l\000a\000s\000s\000\040\000I\000n\000d\000e\000x}{}% 1
\BOOKMARK [1][-]{section.1.1}{\376\377\000C\000l\000a\000s\000s\000\040\000L\000i\000s\000t}{chapter.1}% 2
\BOOKMARK [0][-]{chapter.2}{\376\377\000F\000i\000l\000e\000\040\000I\000n\000d\000e\000x}{}% 3
\BOOKMARK [1][-]{section.2.1}{\376\377\000F\000i\000l\000e\000\040\000L\000i\000s\000t}{chapter.2}% 4
\BOOKMARK [0][-]{chapter.3}{\376\377\000C\000l\000a\000s\000s\000\040\000D\000o\000c\000u\000m\000e\000n\000t\000a\000t\000i\000o\000n}{}% 5
\BOOKMARK [1][-]{section.3.1}{\376\377\000b\000a\000l\000l\000\040\000C\000l\000a\000s\000s\000\040\000R\000e\000f\000e\000r\000e\000n\000c\000e}{chapter.3}% 6
\BOOKMARK [2][-]{subsection.3.1.1}{\376\377\000C\000o\000n\000s\000t\000r\000u\000c\000t\000o\000r\000\040\000\046\000\040\000D\000e\000s\000t\000r\000u\000c\000t\000o\000r\000\040\000D\000o\000c\000u\000m\000e\000n\000t\000a\000t\000i\000o\000n}{section.3.1}% 7
\BOOKMARK [3][-]{subsubsection.3.1.1.1}{\376\377\000b\000a\000l\000l}{subsection.3.1.1}% 8
\BOOKMARK [2][-]{subsection.3.1.2}{\376\377\000M\000e\000m\000b\000e\000r\000\040\000D\000a\000t\000a\000\040\000D\000o\000c\000u\000m\000e\000n\000t\000a\000t\000i\000o\000n}{section.3.1}% 9
\BOOKMARK [3][-]{subsubsection.3.1.2.1}{\376\377\000b\000a\000l\000l\000X\000M\000a\000x}{subsection.3.1.2}% 10
\BOOKMARK [3][-]{subsubsection.3.1.2.2}{\376\377\000b\000a\000l\000l\000X\000M\000i\000n}{subsection.3.1.2}% 11
\BOOKMARK [3][-]{subsubsection.3.1.2.3}{\376\377\000b\000a\000l\000l\000Y\000M\000a\000x}{subsection.3.1.2}% 12
\BOOKMARK [3][-]{subsubsection.3.1.2.4}{\376\377\000b\000a\000l\000l\000Y\000M\000i\000n}{subsection.3.1.2}% 13
\BOOKMARK [3][-]{subsubsection.3.1.2.5}{\376\377\000c\000o\000l\000B}{subsection.3.1.2}% 14
\BOOKMARK [3][-]{subsubsection.3.1.2.6}{\376\377\000c\000o\000l\000G}{subsection.3.1.2}% 15
\BOOKMARK [3][-]{subsubsection.3.1.2.7}{\376\377\000c\000o\000l\000R}{subsection.3.1.2}% 16
\BOOKMARK [3][-]{subsubsection.3.1.2.8}{\376\377\000i\000n\000d\000e\000x}{subsection.3.1.2}% 17
\BOOKMARK [3][-]{subsubsection.3.1.2.9}{\376\377\000i\000s\000C\000o\000l\000l\000i\000d\000e}{subsection.3.1.2}% 18
\BOOKMARK [3][-]{subsubsection.3.1.2.10}{\376\377\000m\000s\000g\000v}{subsection.3.1.2}% 19
\BOOKMARK [3][-]{subsubsection.3.1.2.11}{\376\377\000p\000v}{subsection.3.1.2}% 20
\BOOKMARK [3][-]{subsubsection.3.1.2.12}{\376\377\000r}{subsection.3.1.2}% 21
\BOOKMARK [3][-]{subsubsection.3.1.2.13}{\376\377\000r\000a\000d\000i\000u\000s}{subsection.3.1.2}% 22
\BOOKMARK [3][-]{subsubsection.3.1.2.14}{\376\377\000v}{subsection.3.1.2}% 23
\BOOKMARK [1][-]{section.3.2}{\376\377\000v\000e\000c\000\040\000C\000l\000a\000s\000s\000\040\000R\000e\000f\000e\000r\000e\000n\000c\000e}{chapter.3}% 24
\BOOKMARK [2][-]{subsection.3.2.1}{\376\377\000C\000o\000n\000s\000t\000r\000u\000c\000t\000o\000r\000\040\000\046\000\040\000D\000e\000s\000t\000r\000u\000c\000t\000o\000r\000\040\000D\000o\000c\000u\000m\000e\000n\000t\000a\000t\000i\000o\000n}{section.3.2}% 25
\BOOKMARK [3][-]{subsubsection.3.2.1.1}{\376\377\000v\000e\000c}{subsection.3.2.1}% 26
\BOOKMARK [2][-]{subsection.3.2.2}{\376\377\000M\000e\000m\000b\000e\000r\000\040\000F\000u\000n\000c\000t\000i\000o\000n\000\040\000D\000o\000c\000u\000m\000e\000n\000t\000a\000t\000i\000o\000n}{section.3.2}% 27
\BOOKMARK [3][-]{subsubsection.3.2.2.1}{\376\377\000a\000d\000d}{subsection.3.2.2}% 28
\BOOKMARK [3][-]{subsubsection.3.2.2.2}{\376\377\000d\000i\000s\000t}{subsection.3.2.2}% 29
\BOOKMARK [3][-]{subsubsection.3.2.2.3}{\376\377\000d\000o\000t}{subsection.3.2.2}% 30
\BOOKMARK [3][-]{subsubsection.3.2.2.4}{\376\377\000l\000e\000n\000g\000t\000h}{subsection.3.2.2}% 31
\BOOKMARK [3][-]{subsubsection.3.2.2.5}{\376\377\000s\000c\000a\000l\000e}{subsection.3.2.2}% 32
\BOOKMARK [3][-]{subsubsection.3.2.2.6}{\376\377\000s\000u\000b\000t\000r\000a\000c\000t}{subsection.3.2.2}% 33
\BOOKMARK [2][-]{subsection.3.2.3}{\376\377\000M\000e\000m\000b\000e\000r\000\040\000D\000a\000t\000a\000\040\000D\000o\000c\000u\000m\000e\000n\000t\000a\000t\000i\000o\000n}{section.3.2}% 34
\BOOKMARK [3][-]{subsubsection.3.2.3.1}{\376\377\000x\000C\000o\000o\000r\000d\000i\000n\000a\000t\000e}{subsection.3.2.3}% 35
\BOOKMARK [3][-]{subsubsection.3.2.3.2}{\376\377\000y\000C\000o\000o\000r\000d\000i\000n\000a\000t\000e}{subsection.3.2.3}% 36
\BOOKMARK [1][-]{section.3.3}{\376\377\000w\000i\000n\000d\000o\000w\000\040\000C\000l\000a\000s\000s\000\040\000R\000e\000f\000e\000r\000e\000n\000c\000e}{chapter.3}% 37
\BOOKMARK [2][-]{subsection.3.3.1}{\376\377\000C\000o\000n\000s\000t\000r\000u\000c\000t\000o\000r\000\040\000\046\000\040\000D\000e\000s\000t\000r\000u\000c\000t\000o\000r\000\040\000D\000o\000c\000u\000m\000e\000n\000t\000a\000t\000i\000o\000n}{section.3.3}% 38
\BOOKMARK [3][-]{subsubsection.3.3.1.1}{\376\377\000w\000i\000n\000d\000o\000w}{subsection.3.3.1}% 39
\BOOKMARK [2][-]{subsection.3.3.2}{\376\377\000M\000e\000m\000b\000e\000r\000\040\000F\000u\000n\000c\000t\000i\000o\000n\000\040\000D\000o\000c\000u\000m\000e\000n\000t\000a\000t\000i\000o\000n}{section.3.3}% 40
\BOOKMARK [3][-]{subsubsection.3.3.2.1}{\376\377\000i\000n\000i\000t\000W\000i\000n\000d\000o\000w}{subsection.3.3.2}% 41
\BOOKMARK [3][-]{subsubsection.3.3.2.2}{\376\377\000r\000e\000s\000h\000a\000p\000e\000W\000i\000n\000d\000o\000w}{subsection.3.3.2}% 42
\BOOKMARK [2][-]{subsection.3.3.3}{\376\377\000M\000e\000m\000b\000e\000r\000\040\000D\000a\000t\000a\000\040\000D\000o\000c\000u\000m\000e\000n\000t\000a\000t\000i\000o\000n}{section.3.3}% 43
\BOOKMARK [3][-]{subsubsection.3.3.3.1}{\376\377\000t\000i\000t\000l\000e}{subsection.3.3.3}% 44
\BOOKMARK [3][-]{subsubsection.3.3.3.2}{\376\377\000w\000i\000n\000d\000o\000w\000H\000e\000i\000g\000h\000t}{subsection.3.3.3}% 45
\BOOKMARK [3][-]{subsubsection.3.3.3.3}{\376\377\000w\000i\000n\000d\000o\000w\000P\000o\000s\000X}{subsection.3.3.3}% 46
\BOOKMARK [3][-]{subsubsection.3.3.3.4}{\376\377\000w\000i\000n\000d\000o\000w\000P\000o\000s\000Y}{subsection.3.3.3}% 47
\BOOKMARK [3][-]{subsubsection.3.3.3.5}{\376\377\000w\000i\000n\000d\000o\000w\000W\000i\000d\000t\000h}{subsection.3.3.3}% 48
\BOOKMARK [0][-]{chapter.4}{\376\377\000F\000i\000l\000e\000\040\000D\000o\000c\000u\000m\000e\000n\000t\000a\000t\000i\000o\000n}{}% 49
\BOOKMARK [1][-]{section.4.1}{\376\377\000b\000a\000l\000l\000.\000c\000p\000p\000\040\000F\000i\000l\000e\000\040\000R\000e\000f\000e\000r\000e\000n\000c\000e}{chapter.4}% 50
\BOOKMARK [1][-]{section.4.2}{\376\377\000b\000a\000l\000l\000.\000h\000\040\000F\000i\000l\000e\000\040\000R\000e\000f\000e\000r\000e\000n\000c\000e}{chapter.4}% 51
\BOOKMARK [1][-]{section.4.3}{\376\377\000g\000u\000i\000.\000c\000p\000p\000\040\000F\000i\000l\000e\000\040\000R\000e\000f\000e\000r\000e\000n\000c\000e}{chapter.4}% 52
\BOOKMARK [2][-]{subsection.4.3.1}{\376\377\000M\000a\000c\000r\000o\000\040\000D\000e\000f\000i\000n\000i\000t\000i\000o\000n\000\040\000D\000o\000c\000u\000m\000e\000n\000t\000a\000t\000i\000o\000n}{section.4.3}% 53
\BOOKMARK [3][-]{subsubsection.4.3.1.1}{\376\377\000P\000I}{subsection.4.3.1}% 54
\BOOKMARK [2][-]{subsection.4.3.2}{\376\377\000F\000u\000n\000c\000t\000i\000o\000n\000\040\000D\000o\000c\000u\000m\000e\000n\000t\000a\000t\000i\000o\000n}{section.4.3}% 55
\BOOKMARK [3][-]{subsubsection.4.3.2.1}{\376\377\000D\000r\000a\000w\000C\000i\000r\000c\000l\000e}{subsection.4.3.2}% 56
\BOOKMARK [3][-]{subsubsection.4.3.2.2}{\376\377\000i\000n\000i\000t\000G\000L}{subsection.4.3.2}% 57
\BOOKMARK [2][-]{subsection.4.3.3}{\376\377\000V\000a\000r\000i\000a\000b\000l\000e\000\040\000D\000o\000c\000u\000m\000e\000n\000t\000a\000t\000i\000o\000n}{section.4.3}% 58
\BOOKMARK [3][-]{subsubsection.4.3.3.1}{\376\377\000a\000n\000g\000l\000e}{subsection.4.3.3}% 59
\BOOKMARK [1][-]{section.4.4}{\376\377\000g\000u\000i\000.\000h\000\040\000F\000i\000l\000e\000\040\000R\000e\000f\000e\000r\000e\000n\000c\000e}{chapter.4}% 60
\BOOKMARK [2][-]{subsection.4.4.1}{\376\377\000F\000u\000n\000c\000t\000i\000o\000n\000\040\000D\000o\000c\000u\000m\000e\000n\000t\000a\000t\000i\000o\000n}{section.4.4}% 61
\BOOKMARK [3][-]{subsubsection.4.4.1.1}{\376\377\000D\000r\000a\000w\000C\000i\000r\000c\000l\000e}{subsection.4.4.1}% 62
\BOOKMARK [3][-]{subsubsection.4.4.1.2}{\376\377\000i\000n\000i\000t\000G\000L}{subsection.4.4.1}% 63
\BOOKMARK [1][-]{section.4.5}{\376\377\000m\000a\000i\000n\000.\000c\000p\000p\000\040\000F\000i\000l\000e\000\040\000R\000e\000f\000e\000r\000e\000n\000c\000e}{chapter.4}% 64
\BOOKMARK [2][-]{subsection.4.5.1}{\376\377\000F\000u\000n\000c\000t\000i\000o\000n\000\040\000D\000o\000c\000u\000m\000e\000n\000t\000a\000t\000i\000o\000n}{section.4.5}% 65
\BOOKMARK [3][-]{subsubsection.4.5.1.1}{\376\377\000a\000s\000p\000e\000c\000t\000R\000a\000t\000i\000o}{subsection.4.5.1}% 66
\BOOKMARK [3][-]{subsubsection.4.5.1.2}{\376\377\000d\000i\000s\000p\000l\000a\000y}{subsection.4.5.1}% 67
\BOOKMARK [3][-]{subsubsection.4.5.1.3}{\376\377\000d\000i\000s\000p\000l\000a\000y\000T\000e\000x\000t}{subsection.4.5.1}% 68
\BOOKMARK [3][-]{subsubsection.4.5.1.4}{\376\377\000f\000u\000n}{subsection.4.5.1}% 69
\BOOKMARK [3][-]{subsubsection.4.5.1.5}{\376\377\000i\000n\000i\000t\000B\000a\000l\000l\000s}{subsection.4.5.1}% 70
\BOOKMARK [3][-]{subsubsection.4.5.1.6}{\376\377\000k\000e\000y\000p\000r\000e\000s\000s}{subsection.4.5.1}% 71
\BOOKMARK [3][-]{subsubsection.4.5.1.7}{\376\377\000m\000a\000i\000n}{subsection.4.5.1}% 72
\BOOKMARK [3][-]{subsubsection.4.5.1.8}{\376\377\000m\000o\000u\000s\000e}{subsection.4.5.1}% 73
\BOOKMARK [3][-]{subsubsection.4.5.1.9}{\376\377\000r\000e\000s\000h\000a\000p\000e}{subsection.4.5.1}% 74
\BOOKMARK [3][-]{subsubsection.4.5.1.10}{\376\377\000T\000i\000m\000e\000r}{subsection.4.5.1}% 75
\BOOKMARK [3][-]{subsubsection.4.5.1.11}{\376\377\000u\000p\000d\000a\000t\000e\000S\000p\000e\000e\000d}{subsection.4.5.1}% 76
\BOOKMARK [2][-]{subsection.4.5.2}{\376\377\000V\000a\000r\000i\000a\000b\000l\000e\000\040\000D\000o\000c\000u\000m\000e\000n\000t\000a\000t\000i\000o\000n}{section.4.5}% 77
\BOOKMARK [3][-]{subsubsection.4.5.2.1}{\376\377\000b\000a\000l\000l\000s}{subsection.4.5.2}% 78
\BOOKMARK [3][-]{subsubsection.4.5.2.2}{\376\377\000c}{subsection.4.5.2}% 79
\BOOKMARK [3][-]{subsubsection.4.5.2.3}{\376\377\000d\000o\000n\000e}{subsection.4.5.2}% 80
\BOOKMARK [3][-]{subsubsection.4.5.2.4}{\376\377\000f\000u\000l\000l\000s\000c\000r}{subsection.4.5.2}% 81
\BOOKMARK [3][-]{subsubsection.4.5.2.5}{\376\377\000i\000n\000s\000t}{subsection.4.5.2}% 82
\BOOKMARK [3][-]{subsubsection.4.5.2.6}{\376\377\000m\000a\000x\000R\000a\000d\000i\000u\000s}{subsection.4.5.2}% 83
\BOOKMARK [3][-]{subsubsection.4.5.2.7}{\376\377\000m\000e\000n\000u}{subsection.4.5.2}% 84
\BOOKMARK [3][-]{subsubsection.4.5.2.8}{\376\377\000m\000u\000t\000e\000x}{subsection.4.5.2}% 85
\BOOKMARK [3][-]{subsubsection.4.5.2.9}{\376\377\000m\000y\000W\000i\000n\000d\000o\000w}{subsection.4.5.2}% 86
\BOOKMARK [3][-]{subsubsection.4.5.2.10}{\376\377\000n\000u\000m\000B\000a\000l\000l\000s}{subsection.4.5.2}% 87
\BOOKMARK [3][-]{subsubsection.4.5.2.11}{\376\377\000p\000a\000u\000s\000e\000d}{subsection.4.5.2}% 88
\BOOKMARK [3][-]{subsubsection.4.5.2.12}{\376\377\000q\000M\000e\000s\000s\000a\000g\000e}{subsection.4.5.2}% 89
\BOOKMARK [3][-]{subsubsection.4.5.2.13}{\376\377\000q\000S\000p\000e\000e\000d}{subsection.4.5.2}% 90
\BOOKMARK [3][-]{subsubsection.4.5.2.14}{\376\377\000r\000e\000f\000r\000e\000s\000h\000M\000i\000l\000l\000i\000s}{subsection.4.5.2}% 91
\BOOKMARK [3][-]{subsubsection.4.5.2.15}{\376\377\000t\000h\000r\000e\000a\000d\000s}{subsection.4.5.2}% 92
\BOOKMARK [3][-]{subsubsection.4.5.2.16}{\376\377\000x\000M\000a\000x}{subsection.4.5.2}% 93
\BOOKMARK [3][-]{subsubsection.4.5.2.17}{\376\377\000x\000M\000i\000n}{subsection.4.5.2}% 94
\BOOKMARK [3][-]{subsubsection.4.5.2.18}{\376\377\000y\000M\000a\000x}{subsection.4.5.2}% 95
\BOOKMARK [3][-]{subsubsection.4.5.2.19}{\376\377\000y\000M\000i\000n}{subsection.4.5.2}% 96
\BOOKMARK [1][-]{section.4.6}{\376\377\000p\000h\000y\000s\000i\000c\000s\000.\000c\000p\000p\000\040\000F\000i\000l\000e\000\040\000R\000e\000f\000e\000r\000e\000n\000c\000e}{chapter.4}% 97
\BOOKMARK [2][-]{subsection.4.6.1}{\376\377\000F\000u\000n\000c\000t\000i\000o\000n\000\040\000D\000o\000c\000u\000m\000e\000n\000t\000a\000t\000i\000o\000n}{section.4.6}% 98
\BOOKMARK [3][-]{subsubsection.4.6.1.1}{\376\377\000c\000o\000l\000l\000B\000a\000l\000l\000s}{subsection.4.6.1}% 99
\BOOKMARK [3][-]{subsubsection.4.6.1.2}{\376\377\000c\000o\000l\000l\000W\000a\000l\000l}{subsection.4.6.1}% 100
\BOOKMARK [1][-]{section.4.7}{\376\377\000p\000h\000y\000s\000i\000c\000s\000.\000h\000\040\000F\000i\000l\000e\000\040\000R\000e\000f\000e\000r\000e\000n\000c\000e}{chapter.4}% 101
\BOOKMARK [2][-]{subsection.4.7.1}{\376\377\000F\000u\000n\000c\000t\000i\000o\000n\000\040\000D\000o\000c\000u\000m\000e\000n\000t\000a\000t\000i\000o\000n}{section.4.7}% 102
\BOOKMARK [3][-]{subsubsection.4.7.1.1}{\376\377\000c\000o\000l\000l\000B\000a\000l\000l\000s}{subsection.4.7.1}% 103
\BOOKMARK [3][-]{subsubsection.4.7.1.2}{\376\377\000c\000o\000l\000l\000W\000a\000l\000l}{subsection.4.7.1}% 104
\BOOKMARK [1][-]{section.4.8}{\376\377\000w\000i\000n\000d\000o\000w\000.\000c\000p\000p\000\040\000F\000i\000l\000e\000\040\000R\000e\000f\000e\000r\000e\000n\000c\000e}{chapter.4}% 105
\BOOKMARK [1][-]{section.4.9}{\376\377\000w\000i\000n\000d\000o\000w\000.\000h\000\040\000F\000i\000l\000e\000\040\000R\000e\000f\000e\000r\000e\000n\000c\000e}{chapter.4}% 106
\BOOKMARK [-1][-]{section*.17}{\376\377\000I\000n\000d\000e\000x}{}% 107
